<?xml version="1.0" encoding="UTF-8"?>
<!-- Generated by org.testng.reporters.JUnitReportReporter -->
<testsuite hostname="DESKTOP-99P843S" failures="0" tests="1" name="com.framevork_design.test_case.open_url" time="0.052" errors="0" timestamp="2024-04-12T10:35:20 IST" skipped="0">
  <testcase classname="com.framevork_design.test_case.open_url" name="check_url" time="0.052"/>
</testsuite> <!-- com.framevork_design.test_case.open_url -->
